INFO  2025-12-01 15:21:59.673 [-main][*][o.noear.solon.Solon]: 
App: Start loading
ERROR 2025-12-01 15:21:59.812 [-main][*][o.noear.solon.Solon]: 
Solon start failed: Please set the configuration for the data source [ds1] dialect in the yml file with specific key easy-query.ds1.database
java.lang.UnsupportedOperationException: Please set the configuration for the data source [ds1] dialect in the yml file with specific key easy-query.ds1.database
	at com.easy.query.solon.integration.DbManager.build(DbManager.java:141)
	at com.easy.query.solon.integration.DbManager.get(DbManager.java:108)
	at com.easy.query.solon.integration.DbManager.reg(DbManager.java:324)
	at com.easy.query.solon.integration.XPluginImpl.lambda$start$0(XPluginImpl.java:31)
	at org.noear.solon.core.BeanContainer.lambda$subWrapsOfType$12(BeanContainer.java:604)
	at org.noear.solon.core.BeanContainer.beanBasePublish(BeanContainer.java:412)
	at org.noear.solon.core.BeanContainer.beanPublish(BeanContainer.java:425)
	at org.noear.solon.data.integration.DataSourcesBuilder.buildDataSource(DataSourcesBuilder.java:70)
	at org.noear.solon.data.integration.DataSourcesBuilder.onEvent(DataSourcesBuilder.java:42)
	at org.noear.solon.data.integration.DataSourcesBuilder.onEvent(DataSourcesBuilder.java:34)
	at org.noear.solon.core.event.EventListenPipeline.onEvent(EventListenPipeline.java:67)
	at org.noear.solon.core.event.EventBus.publish1(EventBus.java:111)
	at org.noear.solon.core.event.EventBus.publish0(EventBus.java:101)
	at org.noear.solon.core.event.EventBus.publish(EventBus.java:84)
	at org.noear.solon.SolonApp.run(SolonApp.java:383)
	at org.noear.solon.SolonApp.startDo(SolonApp.java:267)
	at org.noear.solon.Solon.start(Solon.java:226)
	at org.noear.solon.Solon.start(Solon.java:167)
	at org.noear.solon.Solon.start(Solon.java:144)
	at com.example.sadmin.App.main(App.java:9)
INFO  2025-12-01 15:21:59.816 [-main][*][o.noear.solon.Solon]: 
App: Stopped
INFO  2025-12-01 15:22:44.252 [-main][*][o.noear.solon.Solon]: 
App: Start loading
INFO  2025-12-01 15:22:45.091 [-main][*][o.n.s.s.s.i.SmHttpPlugin]: 
solon.connector:main: smarthttp: Started ServerConnector@{HTTP/1.1,[http/1.1]}{http://localhost:8080}
INFO  2025-12-01 15:22:45.091 [-main][*][o.n.s.s.s.i.SmHttpPlugin]: 
Server:main: smarthttp: Started (smart http 2.5/3.7.2) @67ms
INFO  2025-12-01 15:22:45.091 [-main][*][o.noear.solon.Solon]: 
App: End loading elapsed=1001ms pid=305304 v=3.7.2
INFO  2025-12-01 15:55:31.887 [-Thread-2][*][o.n.s.s.s.i.SmHttpPlugin]: 
Server:main: smarthttp: Has Stopped (smart http 2.5/3.7.2)
INFO  2025-12-01 15:55:31.894 [-Thread-2][*][o.noear.solon.Solon]: 
App: Stopped
INFO  2025-12-01 16:32:24.629 [-main][*][o.noear.solon.Solon]: 
App: Start loading
INFO  2025-12-01 16:32:25.469 [-main][*][o.n.s.s.s.i.SmHttpPlugin]: 
solon.connector:main: smarthttp: Started ServerConnector@{HTTP/1.1,[http/1.1]}{http://localhost:8080}
INFO  2025-12-01 16:32:25.469 [-main][*][o.n.s.s.s.i.SmHttpPlugin]: 
Server:main: smarthttp: Started (smart http 2.5/3.7.2) @68ms
INFO  2025-12-01 16:32:25.470 [-main][*][o.noear.solon.Solon]: 
App: End loading elapsed=1138ms pid=274360 v=3.7.2
INFO  2025-12-01 16:34:39.368 [-Thread-0][*][o.n.s.s.s.i.SmHttpPlugin]: 
Server:main: smarthttp: Has Stopped (smart http 2.5/3.7.2)
INFO  2025-12-01 16:34:39.374 [-Thread-0][*][o.noear.solon.Solon]: 
App: Stopped
